Using pre-set license
Built from '2020.3/staging' branch; Version is '2020.3.19f1 (68f137dc9bbe) revision 6877495'; Using compiler version '192528614'; Build Type 'Release'
OS: 'Windows 10 Pro; OS build 19044.1526; Version 2009; 64bit' Language: 'en' Physical Memory: 32605 MB
BatchMode: 1, IsHumanControllingUs: 0, StartBugReporterOnCrash: 0, Is64bit: 1, IsPro: 0

COMMAND LINE ARGUMENTS:
C:\Program Files\Unity\Editor\Unity.exe
-adb2
-batchMode
-noUpm
-name
AssetImportWorker0
-projectPath
E:/Game Development/00 - Git Projects/FMOD-Unity-Sandbox
-logFile
Logs/AssetImportWorker0.log
-srvPort
50448
Successfully changed project path to: E:/Game Development/00 - Git Projects/FMOD-Unity-Sandbox
E:/Game Development/00 - Git Projects/FMOD-Unity-Sandbox
Using Asset Import Pipeline V2.
Refreshing native plugins compatible for Editor in 32.66 ms, found 2 plugins.
Preloading 0 native plugins for Editor in 0.00 ms.
Initialize engine version: 2020.3.19f1 (68f137dc9bbe)
[Subsystems] Discovering subsystems at path C:/Program Files/Unity/Editor/Data/Resources/UnitySubsystems
[Subsystems] Discovering subsystems at path E:/Game Development/00 - Git Projects/FMOD-Unity-Sandbox/Assets
GfxDevice: creating device client; threaded=0
Direct3D:
    Version:  Direct3D 11.0 [level 11.1]
    Renderer: NVIDIA GeForce RTX 3060 Ti (ID=0x2489)
    Vendor:   
    VRAM:     8050 MB
    Driver:   30.0.15.1165
Initialize mono
Mono path[0] = 'C:/Program Files/Unity/Editor/Data/Managed'
Mono path[1] = 'C:/Program Files/Unity/Editor/Data/MonoBleedingEdge/lib/mono/unityjit'
Mono config path = 'C:/Program Files/Unity/Editor/Data/MonoBleedingEdge/etc'
Using monoOptions --debugger-agent=transport=dt_socket,embedding=1,server=y,suspend=n,address=127.0.0.1:56472
Begin MonoManager ReloadAssembly
Registering precompiled unity dll's ...
Register platform support module: C:/Program Files/Unity/Editor/Data/PlaybackEngines/WindowsStandaloneSupport/UnityEditor.WindowsStandalone.Extensions.dll
Registered in 0.001182 seconds.
Native extension for WindowsStandalone target not found
Refreshing native plugins compatible for Editor in 32.70 ms, found 2 plugins.
Preloading 0 native plugins for Editor in 0.00 ms.
Mono: successfully reloaded assembly
- Completed reload, in  0.648 seconds
Domain Reload Profiling:
	ReloadAssembly (648ms)
		BeginReloadAssembly (38ms)
			ExecutionOrderSort (0ms)
			DisableScriptedObjects (0ms)
			BackupInstance (0ms)
			ReleaseScriptingObjects (0ms)
			CreateAndSetChildDomain (1ms)
		EndReloadAssembly (275ms)
			LoadAssemblies (36ms)
			RebuildTransferFunctionScriptingTraits (0ms)
			SetupTypeCache (91ms)
			ReleaseScriptCaches (0ms)
			RebuildScriptCaches (18ms)
			SetupLoadedEditorAssemblies (113ms)
				LogAssemblyErrors (0ms)
				InitializePlatformSupportModulesInManaged (3ms)
				SetLoadedEditorAssemblies (0ms)
				RefreshPlugins (33ms)
				BeforeProcessingInitializeOnLoad (7ms)
				ProcessInitializeOnLoadAttributes (53ms)
				ProcessInitializeOnLoadMethodAttributes (18ms)
				AfterProcessingInitializeOnLoad (0ms)
				EditorAssembliesLoaded (0ms)
			ExecutionOrderSort2 (0ms)
			AwakeInstancesAfterBackupRestoration (0ms)
Platform modules already initialized, skipping
Registering precompiled user dll's ...
Registered in 0.001225 seconds.
Begin MonoManager ReloadAssembly
Native extension for WindowsStandalone target not found
Refreshing native plugins compatible for Editor in 0.30 ms, found 2 plugins.
Preloading 0 native plugins for Editor in 0.00 ms.
Mono: successfully reloaded assembly
- Completed reload, in  0.623 seconds
Domain Reload Profiling:
	ReloadAssembly (624ms)
		BeginReloadAssembly (88ms)
			ExecutionOrderSort (0ms)
			DisableScriptedObjects (3ms)
			BackupInstance (0ms)
			ReleaseScriptingObjects (0ms)
			CreateAndSetChildDomain (11ms)
		EndReloadAssembly (499ms)
			LoadAssemblies (56ms)
			RebuildTransferFunctionScriptingTraits (0ms)
			SetupTypeCache (159ms)
			ReleaseScriptCaches (0ms)
			RebuildScriptCaches (28ms)
			SetupLoadedEditorAssemblies (202ms)
				LogAssemblyErrors (0ms)
				InitializePlatformSupportModulesInManaged (3ms)
				SetLoadedEditorAssemblies (0ms)
				RefreshPlugins (0ms)
				BeforeProcessingInitializeOnLoad (40ms)
				ProcessInitializeOnLoadAttributes (150ms)
				ProcessInitializeOnLoadMethodAttributes (4ms)
				AfterProcessingInitializeOnLoad (4ms)
				EditorAssembliesLoaded (0ms)
			ExecutionOrderSort2 (0ms)
			AwakeInstancesAfterBackupRestoration (5ms)
Platform modules already initialized, skipping
========================================================================
Worker process is ready to serve import requests
Launched and connected shader compiler UnityShaderCompiler.exe after 0.03 seconds
Refreshing native plugins compatible for Editor in 0.33 ms, found 2 plugins.
Preloading 0 native plugins for Editor in 0.00 ms.
Unloading 2039 Unused Serialized files (Serialized files now loaded: 0)
System memory in use before: 162.7 MB.
System memory in use after: 160.8 MB.

Unloading 41 unused Assets to reduce memory usage. Loaded Objects now: 2455.
Total: 3.212400 ms (FindLiveObjects: 0.286000 ms CreateObjectMapping: 0.118600 ms MarkObjects: 1.928500 ms  DeleteObjects: 0.878100 ms)

AssetImportParameters requested are different than current active one (requested -> active):
  custom:framework-win-MediaFoundation: 216162199b28c13a410421893ffa2e32 -> 
  custom:video-decoder-ogg-theora: a1e56fd34408186e4bbccfd4996cb3dc -> 
  custom:container-muxer-webm: aa71ff27fc2769a1b78a27578f13a17b -> 
  custom:container-demuxer-webm: 4f35f7cbe854078d1ac9338744f61a02 -> 
  custom:container-demuxer-ogg: 62fdf1f143b41e24485cea50d1cbac27 -> 
  custom:video-encoder-webm-vp8: eb34c28f22e8b96e1ab97ce403110664 -> 
  custom:video-decoder-webm-vp8: 9c59270c3fd7afecdb556c50c9e8de78 -> 
  custom:audio-decoder-ogg-vorbis: bf7c407c2cedff20999df2af8eb42d56 -> 
  custom:audio-encoder-webm-vorbis: bf7c407c2cedff20999df2af8eb42d56 -> 
========================================================================
Received Import Request.
  path: Assets/FPS/Audio/SFX/UI/Notification_End.wav
  artifactKey: Guid(a533219934975884e81c1add37af9930) Importer(815301076,1909f56bfc062723c751e8b465ee728b)
Start importing Assets/FPS/Audio/SFX/UI/Notification_End.wav using Guid(a533219934975884e81c1add37af9930) Importer(815301076,1909f56bfc062723c751e8b465ee728b)  -> (artifact id: 'ec5ff31de206d641937533b67661ffaa') in 0.065979 seconds 
  Import took 0.068455 seconds .

========================================================================
Received Import Request.
  Time since last request: 0.000261 seconds.
  path: Assets/FPS/Tutorials/Pop.aiff
  artifactKey: Guid(93fbb109633e844259ea828442bda0cb) Importer(815301076,1909f56bfc062723c751e8b465ee728b)
Start importing Assets/FPS/Tutorials/Pop.aiff using Guid(93fbb109633e844259ea828442bda0cb) Importer(815301076,1909f56bfc062723c751e8b465ee728b)  -> (artifact id: '905b3e4382e855f253cbe68181bbce53') in 0.008978 seconds 
  Import took 0.011052 seconds .

========================================================================
Received Import Request.
  Time since last request: 0.000236 seconds.
  path: Assets/FPS/Audio/SFX/Pickups/Pickup_Weapon_Small.wav
  artifactKey: Guid(7b83d61917ac1224f942a0609b1221f2) Importer(815301076,1909f56bfc062723c751e8b465ee728b)
Start importing Assets/FPS/Audio/SFX/Pickups/Pickup_Weapon_Small.wav using Guid(7b83d61917ac1224f942a0609b1221f2) Importer(815301076,1909f56bfc062723c751e8b465ee728b)  -> (artifact id: '47ae5b35f92a301023e7e68784b48415') in 0.004933 seconds 
  Import took 0.007134 seconds .

========================================================================
Received Import Request.
  Time since last request: 0.000220 seconds.
  path: Assets/FPS/Audio/SFX/Pickups/Pickup_Health.wav
  artifactKey: Guid(8dfdbc346713580429db9079ad1ff964) Importer(815301076,1909f56bfc062723c751e8b465ee728b)
Start importing Assets/FPS/Audio/SFX/Pickups/Pickup_Health.wav using Guid(8dfdbc346713580429db9079ad1ff964) Importer(815301076,1909f56bfc062723c751e8b465ee728b)  -> (artifact id: 'e4eda08b9f78a08bf1de33b26b4be4ef') in 0.006784 seconds 
  Import took 0.008954 seconds .

========================================================================
Received Import Request.
  Time since last request: 0.000231 seconds.
  path: Assets/FPS/Audio/SFX/Weapons/Shotgun_Shot.wav
  artifactKey: Guid(be87267ec54c5264daffd2ffeb91d6a7) Importer(815301076,1909f56bfc062723c751e8b465ee728b)
Start importing Assets/FPS/Audio/SFX/Weapons/Shotgun_Shot.wav using Guid(be87267ec54c5264daffd2ffeb91d6a7) Importer(815301076,1909f56bfc062723c751e8b465ee728b)  -> (artifact id: '08082e6b25d892a160e5ad4205907f1e') in 0.005531 seconds 
  Import took 0.007659 seconds .

========================================================================
Received Import Request.
  Time since last request: 0.000234 seconds.
  path: Assets/FPS/Audio/SFX/UI/Notification_Snap.wav
  artifactKey: Guid(3f01be6994a0ab6448a945dbdd9b3cda) Importer(815301076,1909f56bfc062723c751e8b465ee728b)
Start importing Assets/FPS/Audio/SFX/UI/Notification_Snap.wav using Guid(3f01be6994a0ab6448a945dbdd9b3cda) Importer(815301076,1909f56bfc062723c751e8b465ee728b)  -> (artifact id: '1261ce8266069df5606f51e4bf7415dd') in 0.004907 seconds 
  Import took 0.007031 seconds .

========================================================================
Received Import Request.
  Time since last request: 0.000225 seconds.
  path: Assets/FPS/Audio/SFX/Enemies/Turret_Alert.mp3
  artifactKey: Guid(7fac2ef5c59df1a45985d3eb894e8d47) Importer(815301076,1909f56bfc062723c751e8b465ee728b)
Start importing Assets/FPS/Audio/SFX/Enemies/Turret_Alert.mp3 using Guid(7fac2ef5c59df1a45985d3eb894e8d47) Importer(815301076,1909f56bfc062723c751e8b465ee728b)  -> (artifact id: '0067c2d837c34c818df97bf17e82d123') in 0.007637 seconds 
  Import took 0.009827 seconds .

========================================================================
Received Import Request.
  Time since last request: 0.000225 seconds.
  path: Assets/FPS/Audio/SFX/Pickups/Pickup_Weapon_Medium.wav
  artifactKey: Guid(6f3e0904bbbace745bdef08cdbcdfec0) Importer(815301076,1909f56bfc062723c751e8b465ee728b)
Start importing Assets/FPS/Audio/SFX/Pickups/Pickup_Weapon_Medium.wav using Guid(6f3e0904bbbace745bdef08cdbcdfec0) Importer(815301076,1909f56bfc062723c751e8b465ee728b)  -> (artifact id: '285f488f1a505cd3b7e95dd3919ce9c3') in 0.005080 seconds 
  Import took 0.007355 seconds .

========================================================================
Received Import Request.
  Time since last request: 0.000268 seconds.
  path: Assets/FPS/Audio/SFX/Pickups/Pickup_Jetpack.wav
  artifactKey: Guid(9c793d7183ca03e4fbf328175291cee4) Importer(815301076,1909f56bfc062723c751e8b465ee728b)
Start importing Assets/FPS/Audio/SFX/Pickups/Pickup_Jetpack.wav using Guid(9c793d7183ca03e4fbf328175291cee4) Importer(815301076,1909f56bfc062723c751e8b465ee728b)  -> (artifact id: '21a4307d3727ce6847a2de9c598dce4c') in 0.005093 seconds 
  Import took 0.007258 seconds .

========================================================================
Received Import Request.
  Time since last request: 173.412382 seconds.
  path: Assets/FPS/Art/Materials/VFX/Dust.mat
  artifactKey: Guid(2d3fb4655ab03304eb074bfde7c94c42) Importer(815301076,1909f56bfc062723c751e8b465ee728b)
Start importing Assets/FPS/Art/Materials/VFX/Dust.mat using Guid(2d3fb4655ab03304eb074bfde7c94c42) Importer(815301076,1909f56bfc062723c751e8b465ee728b)  -> (artifact id: '1ae19ed71438381a17890841dd5d9114') in 0.027601 seconds 
  Import took 0.030309 seconds .

========================================================================
Received Import Request.
  Time since last request: 4.896340 seconds.
  path: Assets/FPS/Art/Materials/VFX/Spark.mat
  artifactKey: Guid(93c163e6f58fe2242964723bdb6ff7ef) Importer(815301076,1909f56bfc062723c751e8b465ee728b)
Start importing Assets/FPS/Art/Materials/VFX/Spark.mat using Guid(93c163e6f58fe2242964723bdb6ff7ef) Importer(815301076,1909f56bfc062723c751e8b465ee728b)  -> (artifact id: 'e69532e03e90c68ca88eed2bc568eab9') in 0.006775 seconds 
  Import took 0.009185 seconds .

========================================================================
Received Import Request.
  Time since last request: 42.841803 seconds.
  path: Assets/FPS/Scripts/Gameplay/fps.Gameplay.asmdef
  artifactKey: Guid(27b7e9efd224f064990a97ed99e4456f) Importer(815301076,1909f56bfc062723c751e8b465ee728b)
Start importing Assets/FPS/Scripts/Gameplay/fps.Gameplay.asmdef using Guid(27b7e9efd224f064990a97ed99e4456f) Importer(815301076,1909f56bfc062723c751e8b465ee728b)  -> (artifact id: 'dfb99f73a53fc25730f424abc7891ac1') in 0.003334 seconds 
  Import took 0.005594 seconds .

========================================================================
Received Import Request.
  Time since last request: 3.299650 seconds.
  path: Assets/FPS/Scripts/Game/fps.Game.asmdef
  artifactKey: Guid(9c5543eabb73a6249ac07b2c065ee8b4) Importer(815301076,1909f56bfc062723c751e8b465ee728b)
Start importing Assets/FPS/Scripts/Game/fps.Game.asmdef using Guid(9c5543eabb73a6249ac07b2c065ee8b4) Importer(815301076,1909f56bfc062723c751e8b465ee728b)  -> (artifact id: 'ed78947845fa00211bf8328201ce5476') in 0.001535 seconds 
  Import took 0.003547 seconds .

========================================================================
Received Import Request.
  Time since last request: 1.981879 seconds.
  path: Assets/FPS/Scripts/Game/AudioUtility.cs
  artifactKey: Guid(b4940d922b729e64091b72854e008d47) Importer(815301076,1909f56bfc062723c751e8b465ee728b)
Start importing Assets/FPS/Scripts/Game/AudioUtility.cs using Guid(b4940d922b729e64091b72854e008d47) Importer(815301076,1909f56bfc062723c751e8b465ee728b)  -> (artifact id: '1db34f39f910532c38488156909838d6') in 0.003540 seconds 
  Import took 0.005580 seconds .

========================================================================
Received Prepare
Registering precompiled user dll's ...
Registered in 0.001220 seconds.
Begin MonoManager ReloadAssembly
Native extension for WindowsStandalone target not found
Refreshing native plugins compatible for Editor in 0.35 ms, found 2 plugins.
Preloading 0 native plugins for Editor in 0.00 ms.
Mono: successfully reloaded assembly
- Completed reload, in  0.602 seconds
Domain Reload Profiling:
	ReloadAssembly (602ms)
		BeginReloadAssembly (83ms)
			ExecutionOrderSort (0ms)
			DisableScriptedObjects (2ms)
			BackupInstance (0ms)
			ReleaseScriptingObjects (0ms)
			CreateAndSetChildDomain (19ms)
		EndReloadAssembly (480ms)
			LoadAssemblies (56ms)
			RebuildTransferFunctionScriptingTraits (0ms)
			SetupTypeCache (160ms)
			ReleaseScriptCaches (1ms)
			RebuildScriptCaches (23ms)
			SetupLoadedEditorAssemblies (187ms)
				LogAssemblyErrors (0ms)
				InitializePlatformSupportModulesInManaged (4ms)
				SetLoadedEditorAssemblies (0ms)
				RefreshPlugins (0ms)
				BeforeProcessingInitializeOnLoad (40ms)
				ProcessInitializeOnLoadAttributes (136ms)
				ProcessInitializeOnLoadMethodAttributes (3ms)
				AfterProcessingInitializeOnLoad (4ms)
				EditorAssembliesLoaded (0ms)
			ExecutionOrderSort2 (0ms)
			AwakeInstancesAfterBackupRestoration (4ms)
Platform modules already initialized, skipping
Refreshing native plugins compatible for Editor in 0.33 ms, found 2 plugins.
Preloading 0 native plugins for Editor in 0.00 ms.
Unloading 2022 Unused Serialized files (Serialized files now loaded: 0)
System memory in use before: 164.8 MB.
System memory in use after: 162.9 MB.

Unloading 36 unused Assets to reduce memory usage. Loaded Objects now: 2499.
Total: 2.877700 ms (FindLiveObjects: 0.135300 ms CreateObjectMapping: 0.046100 ms MarkObjects: 1.847600 ms  DeleteObjects: 0.847900 ms)

AssetImportParameters requested are different than current active one (requested -> active):
  custom:framework-win-MediaFoundation: 216162199b28c13a410421893ffa2e32 -> 
  custom:video-decoder-ogg-theora: a1e56fd34408186e4bbccfd4996cb3dc -> 
  custom:container-muxer-webm: aa71ff27fc2769a1b78a27578f13a17b -> 
  custom:container-demuxer-webm: 4f35f7cbe854078d1ac9338744f61a02 -> 
  custom:container-demuxer-ogg: 62fdf1f143b41e24485cea50d1cbac27 -> 
  custom:video-encoder-webm-vp8: eb34c28f22e8b96e1ab97ce403110664 -> 
  custom:video-decoder-webm-vp8: 9c59270c3fd7afecdb556c50c9e8de78 -> 
  custom:audio-decoder-ogg-vorbis: bf7c407c2cedff20999df2af8eb42d56 -> 
  custom:audio-encoder-webm-vorbis: bf7c407c2cedff20999df2af8eb42d56 -> 
========================================================================
Received Import Request.
  Time since last request: 91.262854 seconds.
  path: Assets/FPS/Scripts/Game
  artifactKey: Guid(ca85cc8b78b3c1d469a63fe657be17e5) Importer(815301076,1909f56bfc062723c751e8b465ee728b)
Start importing Assets/FPS/Scripts/Game using Guid(ca85cc8b78b3c1d469a63fe657be17e5) Importer(815301076,1909f56bfc062723c751e8b465ee728b)  -> (artifact id: 'c16b9754fb6213c7334bf981c884eb76') in 0.003408 seconds 
  Import took 0.005552 seconds .

========================================================================
Received Prepare
Registering precompiled user dll's ...
Registered in 0.001240 seconds.
Begin MonoManager ReloadAssembly
Native extension for WindowsStandalone target not found
Refreshing native plugins compatible for Editor in 0.30 ms, found 2 plugins.
Preloading 0 native plugins for Editor in 0.00 ms.
Mono: successfully reloaded assembly
- Completed reload, in  0.609 seconds
Domain Reload Profiling:
	ReloadAssembly (609ms)
		BeginReloadAssembly (79ms)
			ExecutionOrderSort (0ms)
			DisableScriptedObjects (3ms)
			BackupInstance (0ms)
			ReleaseScriptingObjects (0ms)
			CreateAndSetChildDomain (20ms)
		EndReloadAssembly (489ms)
			LoadAssemblies (56ms)
			RebuildTransferFunctionScriptingTraits (0ms)
			SetupTypeCache (166ms)
			ReleaseScriptCaches (1ms)
			RebuildScriptCaches (25ms)
			SetupLoadedEditorAssemblies (183ms)
				LogAssemblyErrors (0ms)
				InitializePlatformSupportModulesInManaged (3ms)
				SetLoadedEditorAssemblies (1ms)
				RefreshPlugins (0ms)
				BeforeProcessingInitializeOnLoad (36ms)
				ProcessInitializeOnLoadAttributes (136ms)
				ProcessInitializeOnLoadMethodAttributes (3ms)
				AfterProcessingInitializeOnLoad (4ms)
				EditorAssembliesLoaded (0ms)
			ExecutionOrderSort2 (0ms)
			AwakeInstancesAfterBackupRestoration (4ms)
Platform modules already initialized, skipping
Refreshing native plugins compatible for Editor in 0.31 ms, found 2 plugins.
Preloading 0 native plugins for Editor in 0.00 ms.
Unloading 2022 Unused Serialized files (Serialized files now loaded: 0)
System memory in use before: 164.8 MB.
System memory in use after: 162.9 MB.

Unloading 36 unused Assets to reduce memory usage. Loaded Objects now: 2501.
Total: 2.632700 ms (FindLiveObjects: 0.112200 ms CreateObjectMapping: 0.037600 ms MarkObjects: 1.610500 ms  DeleteObjects: 0.871700 ms)

AssetImportParameters requested are different than current active one (requested -> active):
  custom:framework-win-MediaFoundation: 216162199b28c13a410421893ffa2e32 -> 
  custom:video-decoder-ogg-theora: a1e56fd34408186e4bbccfd4996cb3dc -> 
  custom:container-muxer-webm: aa71ff27fc2769a1b78a27578f13a17b -> 
  custom:container-demuxer-webm: 4f35f7cbe854078d1ac9338744f61a02 -> 
  custom:container-demuxer-ogg: 62fdf1f143b41e24485cea50d1cbac27 -> 
  custom:video-encoder-webm-vp8: eb34c28f22e8b96e1ab97ce403110664 -> 
  custom:video-decoder-webm-vp8: 9c59270c3fd7afecdb556c50c9e8de78 -> 
  custom:audio-decoder-ogg-vorbis: bf7c407c2cedff20999df2af8eb42d56 -> 
  custom:audio-encoder-webm-vorbis: bf7c407c2cedff20999df2af8eb42d56 -> 
========================================================================
Received Prepare
Registering precompiled user dll's ...
Registered in 0.001334 seconds.
Begin MonoManager ReloadAssembly
Native extension for WindowsStandalone target not found
Refreshing native plugins compatible for Editor in 0.30 ms, found 2 plugins.
Preloading 0 native plugins for Editor in 0.00 ms.
Mono: successfully reloaded assembly
- Completed reload, in  0.611 seconds
Domain Reload Profiling:
	ReloadAssembly (611ms)
		BeginReloadAssembly (85ms)
			ExecutionOrderSort (0ms)
			DisableScriptedObjects (3ms)
			BackupInstance (0ms)
			ReleaseScriptingObjects (0ms)
			CreateAndSetChildDomain (20ms)
		EndReloadAssembly (488ms)
			LoadAssemblies (55ms)
			RebuildTransferFunctionScriptingTraits (0ms)
			SetupTypeCache (166ms)
			ReleaseScriptCaches (1ms)
			RebuildScriptCaches (24ms)
			SetupLoadedEditorAssemblies (190ms)
				LogAssemblyErrors (0ms)
				InitializePlatformSupportModulesInManaged (3ms)
				SetLoadedEditorAssemblies (1ms)
				RefreshPlugins (0ms)
				BeforeProcessingInitializeOnLoad (38ms)
				ProcessInitializeOnLoadAttributes (140ms)
				ProcessInitializeOnLoadMethodAttributes (3ms)
				AfterProcessingInitializeOnLoad (4ms)
				EditorAssembliesLoaded (0ms)
			ExecutionOrderSort2 (0ms)
			AwakeInstancesAfterBackupRestoration (4ms)
Platform modules already initialized, skipping
Refreshing native plugins compatible for Editor in 0.32 ms, found 2 plugins.
Preloading 0 native plugins for Editor in 0.00 ms.
Unloading 2022 Unused Serialized files (Serialized files now loaded: 0)
System memory in use before: 164.8 MB.
System memory in use after: 163.0 MB.

Unloading 36 unused Assets to reduce memory usage. Loaded Objects now: 2503.
Total: 2.756000 ms (FindLiveObjects: 0.131100 ms CreateObjectMapping: 0.039400 ms MarkObjects: 1.644200 ms  DeleteObjects: 0.940400 ms)

AssetImportParameters requested are different than current active one (requested -> active):
  custom:framework-win-MediaFoundation: 216162199b28c13a410421893ffa2e32 -> 
  custom:video-decoder-ogg-theora: a1e56fd34408186e4bbccfd4996cb3dc -> 
  custom:container-muxer-webm: aa71ff27fc2769a1b78a27578f13a17b -> 
  custom:container-demuxer-webm: 4f35f7cbe854078d1ac9338744f61a02 -> 
  custom:container-demuxer-ogg: 62fdf1f143b41e24485cea50d1cbac27 -> 
  custom:video-encoder-webm-vp8: eb34c28f22e8b96e1ab97ce403110664 -> 
  custom:video-decoder-webm-vp8: 9c59270c3fd7afecdb556c50c9e8de78 -> 
  custom:audio-decoder-ogg-vorbis: bf7c407c2cedff20999df2af8eb42d56 -> 
  custom:audio-encoder-webm-vorbis: bf7c407c2cedff20999df2af8eb42d56 -> 
========================================================================
Received Prepare
Registering precompiled user dll's ...
Registered in 0.001835 seconds.
Begin MonoManager ReloadAssembly
Native extension for WindowsStandalone target not found
Refreshing native plugins compatible for Editor in 0.32 ms, found 2 plugins.
Preloading 0 native plugins for Editor in 0.00 ms.
Mono: successfully reloaded assembly
- Completed reload, in  0.604 seconds
Domain Reload Profiling:
	ReloadAssembly (604ms)
		BeginReloadAssembly (78ms)
			ExecutionOrderSort (0ms)
			DisableScriptedObjects (3ms)
			BackupInstance (0ms)
			ReleaseScriptingObjects (0ms)
			CreateAndSetChildDomain (20ms)
		EndReloadAssembly (486ms)
			LoadAssemblies (55ms)
			RebuildTransferFunctionScriptingTraits (0ms)
			SetupTypeCache (169ms)
			ReleaseScriptCaches (1ms)
			RebuildScriptCaches (27ms)
			SetupLoadedEditorAssemblies (180ms)
				LogAssemblyErrors (0ms)
				InitializePlatformSupportModulesInManaged (3ms)
				SetLoadedEditorAssemblies (1ms)
				RefreshPlugins (0ms)
				BeforeProcessingInitializeOnLoad (39ms)
				ProcessInitializeOnLoadAttributes (130ms)
				ProcessInitializeOnLoadMethodAttributes (3ms)
				AfterProcessingInitializeOnLoad (4ms)
				EditorAssembliesLoaded (0ms)
			ExecutionOrderSort2 (0ms)
			AwakeInstancesAfterBackupRestoration (4ms)
Platform modules already initialized, skipping
Refreshing native plugins compatible for Editor in 0.32 ms, found 2 plugins.
Preloading 0 native plugins for Editor in 0.00 ms.
Unloading 2022 Unused Serialized files (Serialized files now loaded: 0)
System memory in use before: 164.9 MB.
System memory in use after: 163.0 MB.

Unloading 36 unused Assets to reduce memory usage. Loaded Objects now: 2505.
Total: 2.656200 ms (FindLiveObjects: 0.110700 ms CreateObjectMapping: 0.038500 ms MarkObjects: 1.600200 ms  DeleteObjects: 0.906100 ms)

AssetImportParameters requested are different than current active one (requested -> active):
  custom:framework-win-MediaFoundation: 216162199b28c13a410421893ffa2e32 -> 
  custom:video-decoder-ogg-theora: a1e56fd34408186e4bbccfd4996cb3dc -> 
  custom:container-muxer-webm: aa71ff27fc2769a1b78a27578f13a17b -> 
  custom:container-demuxer-webm: 4f35f7cbe854078d1ac9338744f61a02 -> 
  custom:container-demuxer-ogg: 62fdf1f143b41e24485cea50d1cbac27 -> 
  custom:video-encoder-webm-vp8: eb34c28f22e8b96e1ab97ce403110664 -> 
  custom:video-decoder-webm-vp8: 9c59270c3fd7afecdb556c50c9e8de78 -> 
  custom:audio-decoder-ogg-vorbis: bf7c407c2cedff20999df2af8eb42d56 -> 
  custom:audio-encoder-webm-vorbis: bf7c407c2cedff20999df2af8eb42d56 -> 
========================================================================
Received Prepare
Registering precompiled user dll's ...
Registered in 0.001299 seconds.
Begin MonoManager ReloadAssembly
Native extension for WindowsStandalone target not found
Refreshing native plugins compatible for Editor in 0.30 ms, found 2 plugins.
Preloading 0 native plugins for Editor in 0.00 ms.
Mono: successfully reloaded assembly
- Completed reload, in  0.651 seconds
Domain Reload Profiling:
	ReloadAssembly (651ms)
		BeginReloadAssembly (78ms)
			ExecutionOrderSort (0ms)
			DisableScriptedObjects (3ms)
			BackupInstance (0ms)
			ReleaseScriptingObjects (0ms)
			CreateAndSetChildDomain (20ms)
		EndReloadAssembly (530ms)
			LoadAssemblies (66ms)
			RebuildTransferFunctionScriptingTraits (0ms)
			SetupTypeCache (190ms)
			ReleaseScriptCaches (1ms)
			RebuildScriptCaches (25ms)
			SetupLoadedEditorAssemblies (189ms)
				LogAssemblyErrors (0ms)
				InitializePlatformSupportModulesInManaged (4ms)
				SetLoadedEditorAssemblies (1ms)
				RefreshPlugins (0ms)
				BeforeProcessingInitializeOnLoad (37ms)
				ProcessInitializeOnLoadAttributes (140ms)
				ProcessInitializeOnLoadMethodAttributes (3ms)
				AfterProcessingInitializeOnLoad (4ms)
				EditorAssembliesLoaded (0ms)
			ExecutionOrderSort2 (0ms)
			AwakeInstancesAfterBackupRestoration (4ms)
Platform modules already initialized, skipping
Refreshing native plugins compatible for Editor in 0.31 ms, found 2 plugins.
Preloading 0 native plugins for Editor in 0.00 ms.
Unloading 2022 Unused Serialized files (Serialized files now loaded: 0)
System memory in use before: 164.8 MB.
System memory in use after: 162.9 MB.

Unloading 36 unused Assets to reduce memory usage. Loaded Objects now: 2507.
Total: 2.779600 ms (FindLiveObjects: 0.110400 ms CreateObjectMapping: 0.036800 ms MarkObjects: 1.714500 ms  DeleteObjects: 0.917100 ms)

AssetImportParameters requested are different than current active one (requested -> active):
  custom:framework-win-MediaFoundation: 216162199b28c13a410421893ffa2e32 -> 
  custom:video-decoder-ogg-theora: a1e56fd34408186e4bbccfd4996cb3dc -> 
  custom:container-muxer-webm: aa71ff27fc2769a1b78a27578f13a17b -> 
  custom:container-demuxer-webm: 4f35f7cbe854078d1ac9338744f61a02 -> 
  custom:container-demuxer-ogg: 62fdf1f143b41e24485cea50d1cbac27 -> 
  custom:video-encoder-webm-vp8: eb34c28f22e8b96e1ab97ce403110664 -> 
  custom:video-decoder-webm-vp8: 9c59270c3fd7afecdb556c50c9e8de78 -> 
  custom:audio-decoder-ogg-vorbis: bf7c407c2cedff20999df2af8eb42d56 -> 
  custom:audio-encoder-webm-vorbis: bf7c407c2cedff20999df2af8eb42d56 -> 
========================================================================
Received Import Request.
  Time since last request: 530.938067 seconds.
  path: Assets/FPS/Scripts/Game/XXXAudioUtility.cs
  artifactKey: Guid(b4940d922b729e64091b72854e008d47) Importer(815301076,1909f56bfc062723c751e8b465ee728b)
Start importing Assets/FPS/Scripts/Game/XXXAudioUtility.cs using Guid(b4940d922b729e64091b72854e008d47) Importer(815301076,1909f56bfc062723c751e8b465ee728b)  -> (artifact id: '6af279b763b4928f468022abc8de1429') in 0.003566 seconds 
  Import took 0.005793 seconds .

========================================================================
Received Prepare
Registering precompiled user dll's ...
Registered in 0.001183 seconds.
Begin MonoManager ReloadAssembly
Native extension for WindowsStandalone target not found
Refreshing native plugins compatible for Editor in 0.32 ms, found 2 plugins.
Preloading 0 native plugins for Editor in 0.00 ms.
Mono: successfully reloaded assembly
- Completed reload, in  0.601 seconds
Domain Reload Profiling:
	ReloadAssembly (602ms)
		BeginReloadAssembly (77ms)
			ExecutionOrderSort (0ms)
			DisableScriptedObjects (3ms)
			BackupInstance (0ms)
			ReleaseScriptingObjects (0ms)
			CreateAndSetChildDomain (19ms)
		EndReloadAssembly (484ms)
			LoadAssemblies (54ms)
			RebuildTransferFunctionScriptingTraits (0ms)
			SetupTypeCache (163ms)
			ReleaseScriptCaches (1ms)
			RebuildScriptCaches (25ms)
			SetupLoadedEditorAssemblies (188ms)
				LogAssemblyErrors (0ms)
				InitializePlatformSupportModulesInManaged (3ms)
				SetLoadedEditorAssemblies (0ms)
				RefreshPlugins (0ms)
				BeforeProcessingInitializeOnLoad (36ms)
				ProcessInitializeOnLoadAttributes (141ms)
				ProcessInitializeOnLoadMethodAttributes (3ms)
				AfterProcessingInitializeOnLoad (4ms)
				EditorAssembliesLoaded (0ms)
			ExecutionOrderSort2 (0ms)
			AwakeInstancesAfterBackupRestoration (4ms)
Platform modules already initialized, skipping
Refreshing native plugins compatible for Editor in 0.32 ms, found 2 plugins.
Preloading 0 native plugins for Editor in 0.00 ms.
Unloading 2022 Unused Serialized files (Serialized files now loaded: 0)
System memory in use before: 164.9 MB.
System memory in use after: 163.0 MB.

Unloading 36 unused Assets to reduce memory usage. Loaded Objects now: 2509.
Total: 2.735600 ms (FindLiveObjects: 0.125100 ms CreateObjectMapping: 0.043100 ms MarkObjects: 1.641600 ms  DeleteObjects: 0.924900 ms)

AssetImportParameters requested are different than current active one (requested -> active):
  custom:framework-win-MediaFoundation: 216162199b28c13a410421893ffa2e32 -> 
  custom:video-decoder-ogg-theora: a1e56fd34408186e4bbccfd4996cb3dc -> 
  custom:container-muxer-webm: aa71ff27fc2769a1b78a27578f13a17b -> 
  custom:container-demuxer-webm: 4f35f7cbe854078d1ac9338744f61a02 -> 
  custom:container-demuxer-ogg: 62fdf1f143b41e24485cea50d1cbac27 -> 
  custom:video-encoder-webm-vp8: eb34c28f22e8b96e1ab97ce403110664 -> 
  custom:video-decoder-webm-vp8: 9c59270c3fd7afecdb556c50c9e8de78 -> 
  custom:audio-decoder-ogg-vorbis: bf7c407c2cedff20999df2af8eb42d56 -> 
  custom:audio-encoder-webm-vorbis: bf7c407c2cedff20999df2af8eb42d56 -> 
========================================================================
Received Prepare
Registering precompiled user dll's ...
Registered in 0.001156 seconds.
Begin MonoManager ReloadAssembly
Native extension for WindowsStandalone target not found
Refreshing native plugins compatible for Editor in 0.34 ms, found 2 plugins.
Preloading 0 native plugins for Editor in 0.00 ms.
Mono: successfully reloaded assembly
- Completed reload, in  0.619 seconds
Domain Reload Profiling:
	ReloadAssembly (619ms)
		BeginReloadAssembly (80ms)
			ExecutionOrderSort (0ms)
			DisableScriptedObjects (3ms)
			BackupInstance (0ms)
			ReleaseScriptingObjects (0ms)
			CreateAndSetChildDomain (21ms)
		EndReloadAssembly (500ms)
			LoadAssemblies (58ms)
			RebuildTransferFunctionScriptingTraits (0ms)
			SetupTypeCache (170ms)
			ReleaseScriptCaches (1ms)
			RebuildScriptCaches (27ms)
			SetupLoadedEditorAssemblies (191ms)
				LogAssemblyErrors (0ms)
				InitializePlatformSupportModulesInManaged (4ms)
				SetLoadedEditorAssemblies (0ms)
				RefreshPlugins (0ms)
				BeforeProcessingInitializeOnLoad (40ms)
				ProcessInitializeOnLoadAttributes (140ms)
				ProcessInitializeOnLoadMethodAttributes (3ms)
				AfterProcessingInitializeOnLoad (4ms)
				EditorAssembliesLoaded (0ms)
			ExecutionOrderSort2 (0ms)
			AwakeInstancesAfterBackupRestoration (4ms)
Platform modules already initialized, skipping
Refreshing native plugins compatible for Editor in 0.31 ms, found 2 plugins.
Preloading 0 native plugins for Editor in 0.00 ms.
Unloading 2021 Unused Serialized files (Serialized files now loaded: 0)
System memory in use before: 164.9 MB.
System memory in use after: 163.0 MB.

Unloading 37 unused Assets to reduce memory usage. Loaded Objects now: 2510.
Total: 2.676500 ms (FindLiveObjects: 0.122700 ms CreateObjectMapping: 0.038400 ms MarkObjects: 1.588800 ms  DeleteObjects: 0.926000 ms)

AssetImportParameters requested are different than current active one (requested -> active):
  custom:framework-win-MediaFoundation: 216162199b28c13a410421893ffa2e32 -> 
  custom:video-decoder-ogg-theora: a1e56fd34408186e4bbccfd4996cb3dc -> 
  custom:container-muxer-webm: aa71ff27fc2769a1b78a27578f13a17b -> 
  custom:container-demuxer-webm: 4f35f7cbe854078d1ac9338744f61a02 -> 
  custom:container-demuxer-ogg: 62fdf1f143b41e24485cea50d1cbac27 -> 
  custom:video-encoder-webm-vp8: eb34c28f22e8b96e1ab97ce403110664 -> 
  custom:video-decoder-webm-vp8: 9c59270c3fd7afecdb556c50c9e8de78 -> 
  custom:audio-decoder-ogg-vorbis: bf7c407c2cedff20999df2af8eb42d56 -> 
  custom:audio-encoder-webm-vorbis: bf7c407c2cedff20999df2af8eb42d56 -> 
========================================================================
Received Import Request.
  Time since last request: 51.511243 seconds.
  path: Assets/FPS/Scripts/Game/Shared
  artifactKey: Guid(8202695dcc7a5e1418d444571d7800cb) Importer(815301076,1909f56bfc062723c751e8b465ee728b)
Start importing Assets/FPS/Scripts/Game/Shared using Guid(8202695dcc7a5e1418d444571d7800cb) Importer(815301076,1909f56bfc062723c751e8b465ee728b)  -> (artifact id: '5a26df50f2e471453ea2093c8b2d1a20') in 0.003506 seconds 
  Import took 0.006005 seconds .

========================================================================
Received Import Request.
  Time since last request: 1.747224 seconds.
  path: Assets/FPS/Scripts/Game/Shared/WeaponController.cs
  artifactKey: Guid(3ad90ba0b1477764da373f5ec01a8cb5) Importer(815301076,1909f56bfc062723c751e8b465ee728b)
Start importing Assets/FPS/Scripts/Game/Shared/WeaponController.cs using Guid(3ad90ba0b1477764da373f5ec01a8cb5) Importer(815301076,1909f56bfc062723c751e8b465ee728b)  -> (artifact id: 'c84789991543816cb0ef59fc3da1ad08') in 0.001455 seconds 
  Import took 0.003643 seconds .

========================================================================
Received Import Request.
  Time since last request: 179.693777 seconds.
  path: Assets/FPS/Scripts/Game/Shared/WeaponController.cs
  artifactKey: Guid(3ad90ba0b1477764da373f5ec01a8cb5) Importer(815301076,1909f56bfc062723c751e8b465ee728b)
Start importing Assets/FPS/Scripts/Game/Shared/WeaponController.cs using Guid(3ad90ba0b1477764da373f5ec01a8cb5) Importer(815301076,1909f56bfc062723c751e8b465ee728b)  -> (artifact id: '92b7b489e67d98870d35ace5b88b0cad') in 0.001350 seconds 
  Import took 0.003922 seconds .

========================================================================
Received Import Request.
  Time since last request: 74.988986 seconds.
  path: Assets/FPS/Scripts/Gameplay
  artifactKey: Guid(d442422ab15c9024e9edea7b5d39e133) Importer(815301076,1909f56bfc062723c751e8b465ee728b)
Start importing Assets/FPS/Scripts/Gameplay using Guid(d442422ab15c9024e9edea7b5d39e133) Importer(815301076,1909f56bfc062723c751e8b465ee728b)  -> (artifact id: 'e483dd5bb45173004b4476abe9bd3c46') in 0.001512 seconds 
  Import took 0.003982 seconds .

========================================================================
Received Import Request.
  Time since last request: 2.780452 seconds.
  path: Assets/FPS/Scripts/Gameplay/OverheatBehavior.cs
  artifactKey: Guid(29a2833c2faa8a3439fd04522cf5733c) Importer(815301076,1909f56bfc062723c751e8b465ee728b)
Start importing Assets/FPS/Scripts/Gameplay/OverheatBehavior.cs using Guid(29a2833c2faa8a3439fd04522cf5733c) Importer(815301076,1909f56bfc062723c751e8b465ee728b)  -> (artifact id: 'e339a5b96829bb4bd3dfe5aa9891f7fc') in 0.001334 seconds 
  Import took 0.003390 seconds .

========================================================================
Received Import Request.
  Time since last request: 67.509952 seconds.
  path: Assets/FPS/Scripts/Gameplay/OverheatBehavior.cs
  artifactKey: Guid(29a2833c2faa8a3439fd04522cf5733c) Importer(815301076,1909f56bfc062723c751e8b465ee728b)
Start importing Assets/FPS/Scripts/Gameplay/OverheatBehavior.cs using Guid(29a2833c2faa8a3439fd04522cf5733c) Importer(815301076,1909f56bfc062723c751e8b465ee728b)  -> (artifact id: 'f0bd019135e6784cf9553c877628572f') in 0.001344 seconds 
  Import took 0.003642 seconds .

========================================================================
Received Import Request.
  Time since last request: 5.405658 seconds.
  path: Assets/FPS/Scripts/Gameplay/Pickup.cs
  artifactKey: Guid(c72a2c2e0f8c9194f9ab3b97752e8fec) Importer(815301076,1909f56bfc062723c751e8b465ee728b)
Start importing Assets/FPS/Scripts/Gameplay/Pickup.cs using Guid(c72a2c2e0f8c9194f9ab3b97752e8fec) Importer(815301076,1909f56bfc062723c751e8b465ee728b)  -> (artifact id: '07c43fc8eaef6f9f71847d0ba74f3738') in 0.001324 seconds 
  Import took 0.003451 seconds .

========================================================================
Received Import Request.
  Time since last request: 24.442451 seconds.
  path: Assets/FPS/Scripts/Gameplay/Pickup.cs
  artifactKey: Guid(c72a2c2e0f8c9194f9ab3b97752e8fec) Importer(815301076,1909f56bfc062723c751e8b465ee728b)
Start importing Assets/FPS/Scripts/Gameplay/Pickup.cs using Guid(c72a2c2e0f8c9194f9ab3b97752e8fec) Importer(815301076,1909f56bfc062723c751e8b465ee728b)  -> (artifact id: '9dbf35c8ab049d51b86800346339ffa3') in 0.001252 seconds 
  Import took 0.003389 seconds .

========================================================================
Received Import Request.
  Time since last request: 20.185583 seconds.
  path: Assets/FPS/Scripts/Gameplay/ChargedProjectileEffectsHandler.cs
  artifactKey: Guid(da2b0de22b1558e4caa11aa3696e87fc) Importer(815301076,1909f56bfc062723c751e8b465ee728b)
Start importing Assets/FPS/Scripts/Gameplay/ChargedProjectileEffectsHandler.cs using Guid(da2b0de22b1558e4caa11aa3696e87fc) Importer(815301076,1909f56bfc062723c751e8b465ee728b)  -> (artifact id: 'bedecc59b74316f7d0e9f4d8389349f3') in 0.001414 seconds 
  Import took 0.003450 seconds .

========================================================================
Received Import Request.
  Time since last request: 0.886447 seconds.
  path: Assets/FPS/Scripts/Gameplay/ChargedWeaponEffectsHandler.cs
  artifactKey: Guid(b92ab16a4151e294a9e6f5a025221be2) Importer(815301076,1909f56bfc062723c751e8b465ee728b)
Start importing Assets/FPS/Scripts/Gameplay/ChargedWeaponEffectsHandler.cs using Guid(b92ab16a4151e294a9e6f5a025221be2) Importer(815301076,1909f56bfc062723c751e8b465ee728b)  -> (artifact id: '928e8ea7533f8619ab312e171aca8522') in 0.001327 seconds 
  Import took 0.003366 seconds .

========================================================================
Received Import Request.
  Time since last request: 73.398783 seconds.
  path: Assets/FPS/Scripts/Gameplay/ChargedWeaponEffectsHandler.cs
  artifactKey: Guid(b92ab16a4151e294a9e6f5a025221be2) Importer(815301076,1909f56bfc062723c751e8b465ee728b)
Start importing Assets/FPS/Scripts/Gameplay/ChargedWeaponEffectsHandler.cs using Guid(b92ab16a4151e294a9e6f5a025221be2) Importer(815301076,1909f56bfc062723c751e8b465ee728b)  -> (artifact id: 'e5e430cdc393c8ba8f00e44f6a9efc87') in 0.001547 seconds 
  Import took 0.004434 seconds .

========================================================================
Received Import Request.
  Time since last request: 5.431167 seconds.
  path: Assets/FPS/Scripts/Gameplay/ProjectileStandard.cs
  artifactKey: Guid(de99b30e1e73fd14e98cc5371da25d12) Importer(815301076,1909f56bfc062723c751e8b465ee728b)
Start importing Assets/FPS/Scripts/Gameplay/ProjectileStandard.cs using Guid(de99b30e1e73fd14e98cc5371da25d12) Importer(815301076,1909f56bfc062723c751e8b465ee728b)  -> (artifact id: '97f23ac03dd1be2ed81abe73a74614ec') in 0.001320 seconds 
  Import took 0.003437 seconds .

========================================================================
Received Import Request.
  Time since last request: 22.257457 seconds.
  path: Assets/FPS/Scripts/Gameplay/ProjectileStandard.cs
  artifactKey: Guid(de99b30e1e73fd14e98cc5371da25d12) Importer(815301076,1909f56bfc062723c751e8b465ee728b)
Start importing Assets/FPS/Scripts/Gameplay/ProjectileStandard.cs using Guid(de99b30e1e73fd14e98cc5371da25d12) Importer(815301076,1909f56bfc062723c751e8b465ee728b)  -> (artifact id: '27b714c4eb6002671315d3cbd876d51a') in 0.001288 seconds 
  Import took 0.003403 seconds .

========================================================================
Received Import Request.
  Time since last request: 10.627298 seconds.
  path: Assets/FPS/Scripts/UI
  artifactKey: Guid(da9db5e8d482b7d4bb48a8aacb2aeb99) Importer(815301076,1909f56bfc062723c751e8b465ee728b)
Start importing Assets/FPS/Scripts/UI using Guid(da9db5e8d482b7d4bb48a8aacb2aeb99) Importer(815301076,1909f56bfc062723c751e8b465ee728b)  -> (artifact id: '9023cf2e845e005fe4576e4756ef55bb') in 0.001498 seconds 
  Import took 0.003578 seconds .

========================================================================
Received Import Request.
  Time since last request: 0.083761 seconds.
  path: Assets/FPS/Scripts/UI/fps.UI.asmdef
  artifactKey: Guid(269903ea973e2a64ca0fb91ee07d3625) Importer(815301076,1909f56bfc062723c751e8b465ee728b)
Start importing Assets/FPS/Scripts/UI/fps.UI.asmdef using Guid(269903ea973e2a64ca0fb91ee07d3625) Importer(815301076,1909f56bfc062723c751e8b465ee728b)  -> (artifact id: '708b61d9cc3f71e6993ab7ac9ef59f66') in 0.001314 seconds 
  Import took 0.003425 seconds .

========================================================================
Received Import Request.
  Time since last request: 4.040222 seconds.
  path: Assets/FPS/Scripts/UI/ObjectiveToast.cs
  artifactKey: Guid(0511a19aa4a23374180039b212baa206) Importer(815301076,1909f56bfc062723c751e8b465ee728b)
Start importing Assets/FPS/Scripts/UI/ObjectiveToast.cs using Guid(0511a19aa4a23374180039b212baa206) Importer(815301076,1909f56bfc062723c751e8b465ee728b)  -> (artifact id: '58deb0ba21483234b41afcf913028ac5') in 0.001661 seconds 
  Import took 0.003699 seconds .

========================================================================
Received Import Request.
  Time since last request: 32.310853 seconds.
  path: Assets/FPS/Scripts/UI/ObjectiveToast.cs
  artifactKey: Guid(0511a19aa4a23374180039b212baa206) Importer(815301076,1909f56bfc062723c751e8b465ee728b)
Start importing Assets/FPS/Scripts/UI/ObjectiveToast.cs using Guid(0511a19aa4a23374180039b212baa206) Importer(815301076,1909f56bfc062723c751e8b465ee728b)  -> (artifact id: '9ca2ab344be304d94ec81462193ecd50') in 0.001233 seconds 
  Import took 0.003410 seconds .

========================================================================
Received Import Request.
  Time since last request: 24.085945 seconds.
  path: Assets/FPS/Scripts/UI/ObjectiveToast.cs
  artifactKey: Guid(0511a19aa4a23374180039b212baa206) Importer(815301076,1909f56bfc062723c751e8b465ee728b)
Start importing Assets/FPS/Scripts/UI/ObjectiveToast.cs using Guid(0511a19aa4a23374180039b212baa206) Importer(815301076,1909f56bfc062723c751e8b465ee728b)  -> (artifact id: 'cd53afc68599bc1fc830337d38535984') in 0.001433 seconds 
  Import took 0.003705 seconds .

========================================================================
Received Import Request.
  Time since last request: 11.340950 seconds.
  path: Assets/FPS/Scripts/UI/ObjectiveToast.cs
  artifactKey: Guid(0511a19aa4a23374180039b212baa206) Importer(815301076,1909f56bfc062723c751e8b465ee728b)
Start importing Assets/FPS/Scripts/UI/ObjectiveToast.cs using Guid(0511a19aa4a23374180039b212baa206) Importer(815301076,1909f56bfc062723c751e8b465ee728b)  -> (artifact id: '6d90de69685dbd223579cef54db39754') in 0.001335 seconds 
  Import took 0.003725 seconds .

========================================================================
Received Import Request.
  Time since last request: 7.860297 seconds.
  path: Assets/FPS/Scripts/UI/InGameMenuManager.cs
  artifactKey: Guid(18998fe37a74de64d861e190ab499e45) Importer(815301076,1909f56bfc062723c751e8b465ee728b)
Start importing Assets/FPS/Scripts/UI/InGameMenuManager.cs using Guid(18998fe37a74de64d861e190ab499e45) Importer(815301076,1909f56bfc062723c751e8b465ee728b)  -> (artifact id: 'f393a32a332b1b569a03c197a6bffcc6') in 0.001315 seconds 
  Import took 0.003344 seconds .

========================================================================
Received Prepare
Registering precompiled user dll's ...
Registered in 0.001390 seconds.
Begin MonoManager ReloadAssembly
Native extension for WindowsStandalone target not found
Refreshing native plugins compatible for Editor in 0.40 ms, found 2 plugins.
Preloading 0 native plugins for Editor in 0.00 ms.
Mono: successfully reloaded assembly
- Completed reload, in  0.607 seconds
Domain Reload Profiling:
	ReloadAssembly (607ms)
		BeginReloadAssembly (86ms)
			ExecutionOrderSort (0ms)
			DisableScriptedObjects (3ms)
			BackupInstance (0ms)
			ReleaseScriptingObjects (0ms)
			CreateAndSetChildDomain (20ms)
		EndReloadAssembly (480ms)
			LoadAssemblies (60ms)
			RebuildTransferFunctionScriptingTraits (0ms)
			SetupTypeCache (158ms)
			ReleaseScriptCaches (1ms)
			RebuildScriptCaches (24ms)
			SetupLoadedEditorAssemblies (181ms)
				LogAssemblyErrors (0ms)
				InitializePlatformSupportModulesInManaged (3ms)
				SetLoadedEditorAssemblies (0ms)
				RefreshPlugins (0ms)
				BeforeProcessingInitializeOnLoad (37ms)
				ProcessInitializeOnLoadAttributes (133ms)
				ProcessInitializeOnLoadMethodAttributes (3ms)
				AfterProcessingInitializeOnLoad (4ms)
				EditorAssembliesLoaded (0ms)
			ExecutionOrderSort2 (0ms)
			AwakeInstancesAfterBackupRestoration (4ms)
Platform modules already initialized, skipping
Refreshing native plugins compatible for Editor in 0.32 ms, found 2 plugins.
Preloading 0 native plugins for Editor in 0.00 ms.
Unloading 2021 Unused Serialized files (Serialized files now loaded: 0)
System memory in use before: 165.0 MB.
System memory in use after: 163.0 MB.

Unloading 36 unused Assets to reduce memory usage. Loaded Objects now: 2512.
Total: 2.690500 ms (FindLiveObjects: 0.128800 ms CreateObjectMapping: 0.047100 ms MarkObjects: 1.553300 ms  DeleteObjects: 0.960500 ms)

AssetImportParameters requested are different than current active one (requested -> active):
  custom:framework-win-MediaFoundation: 216162199b28c13a410421893ffa2e32 -> 
  custom:video-decoder-ogg-theora: a1e56fd34408186e4bbccfd4996cb3dc -> 
  custom:container-muxer-webm: aa71ff27fc2769a1b78a27578f13a17b -> 
  custom:container-demuxer-webm: 4f35f7cbe854078d1ac9338744f61a02 -> 
  custom:container-demuxer-ogg: 62fdf1f143b41e24485cea50d1cbac27 -> 
  custom:video-encoder-webm-vp8: eb34c28f22e8b96e1ab97ce403110664 -> 
  custom:video-decoder-webm-vp8: 9c59270c3fd7afecdb556c50c9e8de78 -> 
  custom:audio-decoder-ogg-vorbis: bf7c407c2cedff20999df2af8eb42d56 -> 
  custom:audio-encoder-webm-vorbis: bf7c407c2cedff20999df2af8eb42d56 -> 
========================================================================
Received Import Request.
  Time since last request: 20.343609 seconds.
  path: Assets/FPS/Scripts/UI/InGameMenuManager.cs
  artifactKey: Guid(18998fe37a74de64d861e190ab499e45) Importer(815301076,1909f56bfc062723c751e8b465ee728b)
Start importing Assets/FPS/Scripts/UI/InGameMenuManager.cs using Guid(18998fe37a74de64d861e190ab499e45) Importer(815301076,1909f56bfc062723c751e8b465ee728b)  -> (artifact id: '8ef13a0f063f6334cba1598d62e5b95c') in 0.003180 seconds 
  Import took 0.005195 seconds .

========================================================================
Received Prepare
Registering precompiled user dll's ...
Registered in 0.001294 seconds.
Begin MonoManager ReloadAssembly
Native extension for WindowsStandalone target not found
Refreshing native plugins compatible for Editor in 0.53 ms, found 2 plugins.
Preloading 0 native plugins for Editor in 0.00 ms.
Mono: successfully reloaded assembly
- Completed reload, in  0.597 seconds
Domain Reload Profiling:
	ReloadAssembly (597ms)
		BeginReloadAssembly (81ms)
			ExecutionOrderSort (0ms)
			DisableScriptedObjects (2ms)
			BackupInstance (0ms)
			ReleaseScriptingObjects (0ms)
			CreateAndSetChildDomain (22ms)
		EndReloadAssembly (477ms)
			LoadAssemblies (57ms)
			RebuildTransferFunctionScriptingTraits (0ms)
			SetupTypeCache (171ms)
			ReleaseScriptCaches (1ms)
			RebuildScriptCaches (25ms)
			SetupLoadedEditorAssemblies (175ms)
				LogAssemblyErrors (0ms)
				InitializePlatformSupportModulesInManaged (3ms)
				SetLoadedEditorAssemblies (0ms)
				RefreshPlugins (1ms)
				BeforeProcessingInitializeOnLoad (37ms)
				ProcessInitializeOnLoadAttributes (128ms)
				ProcessInitializeOnLoadMethodAttributes (3ms)
				AfterProcessingInitializeOnLoad (4ms)
				EditorAssembliesLoaded (0ms)
			ExecutionOrderSort2 (0ms)
			AwakeInstancesAfterBackupRestoration (4ms)
Platform modules already initialized, skipping
Refreshing native plugins compatible for Editor in 0.32 ms, found 2 plugins.
Preloading 0 native plugins for Editor in 0.00 ms.
Unloading 2021 Unused Serialized files (Serialized files now loaded: 0)
System memory in use before: 164.9 MB.
System memory in use after: 163.0 MB.

Unloading 36 unused Assets to reduce memory usage. Loaded Objects now: 2514.
Total: 2.797900 ms (FindLiveObjects: 0.110300 ms CreateObjectMapping: 0.039400 ms MarkObjects: 1.696400 ms  DeleteObjects: 0.950300 ms)

AssetImportParameters requested are different than current active one (requested -> active):
  custom:framework-win-MediaFoundation: 216162199b28c13a410421893ffa2e32 -> 
  custom:video-decoder-ogg-theora: a1e56fd34408186e4bbccfd4996cb3dc -> 
  custom:container-muxer-webm: aa71ff27fc2769a1b78a27578f13a17b -> 
  custom:container-demuxer-webm: 4f35f7cbe854078d1ac9338744f61a02 -> 
  custom:container-demuxer-ogg: 62fdf1f143b41e24485cea50d1cbac27 -> 
  custom:video-encoder-webm-vp8: eb34c28f22e8b96e1ab97ce403110664 -> 
  custom:video-decoder-webm-vp8: 9c59270c3fd7afecdb556c50c9e8de78 -> 
  custom:audio-decoder-ogg-vorbis: bf7c407c2cedff20999df2af8eb42d56 -> 
  custom:audio-encoder-webm-vorbis: bf7c407c2cedff20999df2af8eb42d56 -> 
========================================================================
Received Prepare
Registering precompiled user dll's ...
Registered in 0.001150 seconds.
Begin MonoManager ReloadAssembly
Native extension for WindowsStandalone target not found
Refreshing native plugins compatible for Editor in 0.30 ms, found 2 plugins.
Preloading 0 native plugins for Editor in 0.00 ms.
Mono: successfully reloaded assembly
- Completed reload, in  0.566 seconds
Domain Reload Profiling:
	ReloadAssembly (567ms)
		BeginReloadAssembly (81ms)
			ExecutionOrderSort (0ms)
			DisableScriptedObjects (3ms)
			BackupInstance (0ms)
			ReleaseScriptingObjects (0ms)
			CreateAndSetChildDomain (19ms)
		EndReloadAssembly (450ms)
			LoadAssemblies (52ms)
			RebuildTransferFunctionScriptingTraits (0ms)
			SetupTypeCache (149ms)
			ReleaseScriptCaches (1ms)
			RebuildScriptCaches (24ms)
			SetupLoadedEditorAssemblies (173ms)
				LogAssemblyErrors (0ms)
				InitializePlatformSupportModulesInManaged (3ms)
				SetLoadedEditorAssemblies (0ms)
				RefreshPlugins (0ms)
				BeforeProcessingInitializeOnLoad (35ms)
				ProcessInitializeOnLoadAttributes (128ms)
				ProcessInitializeOnLoadMethodAttributes (3ms)
				AfterProcessingInitializeOnLoad (4ms)
				EditorAssembliesLoaded (0ms)
			ExecutionOrderSort2 (0ms)
			AwakeInstancesAfterBackupRestoration (4ms)
Platform modules already initialized, skipping
Refreshing native plugins compatible for Editor in 0.32 ms, found 2 plugins.
Preloading 0 native plugins for Editor in 0.00 ms.
Unloading 2021 Unused Serialized files (Serialized files now loaded: 0)
System memory in use before: 164.9 MB.
System memory in use after: 162.9 MB.

Unloading 36 unused Assets to reduce memory usage. Loaded Objects now: 2516.
Total: 2.728100 ms (FindLiveObjects: 0.110600 ms CreateObjectMapping: 0.034500 ms MarkObjects: 1.636900 ms  DeleteObjects: 0.945400 ms)

AssetImportParameters requested are different than current active one (requested -> active):
  custom:framework-win-MediaFoundation: 216162199b28c13a410421893ffa2e32 -> 
  custom:video-decoder-ogg-theora: a1e56fd34408186e4bbccfd4996cb3dc -> 
  custom:container-muxer-webm: aa71ff27fc2769a1b78a27578f13a17b -> 
  custom:container-demuxer-webm: 4f35f7cbe854078d1ac9338744f61a02 -> 
  custom:container-demuxer-ogg: 62fdf1f143b41e24485cea50d1cbac27 -> 
  custom:video-encoder-webm-vp8: eb34c28f22e8b96e1ab97ce403110664 -> 
  custom:video-decoder-webm-vp8: 9c59270c3fd7afecdb556c50c9e8de78 -> 
  custom:audio-decoder-ogg-vorbis: bf7c407c2cedff20999df2af8eb42d56 -> 
  custom:audio-encoder-webm-vorbis: bf7c407c2cedff20999df2af8eb42d56 -> 
AssetImportWorkerClient::OnTransportError - code=2 error=End of file
